[01m[K/home/pablo/GDP_Git/src/drone_lib/src/Functions.cpp:3:7:[m[K [01;31m[Kerror: [m[Kredefinition of â€˜[01m[Kclass functions[m[Kâ€™
 class [01;31m[Kfunctions[m[K
       [01;31m[K^~~~~~~~~[m[K
In file included from [01m[K/home/pablo/GDP_Git/src/drone_lib/src/Functions.cpp:1:0[m[K:
[01m[K/home/pablo/GDP_Git/src/drone_lib/src/headers/functions.h:8:7:[m[K [01;36m[Knote: [m[Kprevious definition of â€˜[01m[Kclass functions[m[Kâ€™
 class [01;36m[Kfunctions[m[K
       [01;36m[K^~~~~~~~~[m[K
[01m[K/home/pablo/GDP_Git/src/drone_lib/src/LibTest.cpp:[m[K In function â€˜[01m[Kint main(int, char**)[m[Kâ€™:
[01m[K/home/pablo/GDP_Git/src/drone_lib/src/LibTest.cpp:6:5:[m[K [01;31m[Kerror: [m[Kâ€˜[01m[KGDPdrone::GDPdrone[m[Kâ€™ names the constructor, not the type
     [01;31m[KGDPdrone[m[K::GDPdrone drone = GDPdrone(argc, argv, rate);
     [01;31m[K^~~~~~~~[m[K
[01m[K/home/pablo/GDP_Git/src/drone_lib/src/LibTest.cpp:6:24:[m[K [01;31m[Kerror: [m[Kexpected â€˜[01m[K;[m[Kâ€™ before â€˜[01m[Kdrone[m[Kâ€™
     GDPdrone::GDPdrone [01;31m[Kdrone[m[K = GDPdrone(argc, argv, rate);
                        [01;31m[K^~~~~[m[K
[01m[K/home/pablo/GDP_Git/src/drone_lib/src/LibTest.cpp:6:58:[m[K [01;31m[Kerror: [m[Kstatement cannot resolve address of overloaded function
     GDPdrone::GDPdrone drone = GDPdrone(argc, argv, rate)[01;31m[K;[m[K
                                                          [01;31m[K^[m[K
[01m[K/home/pablo/GDP_Git/src/drone_lib/src/LibTest.cpp:7:5:[m[K [01;31m[Kerror: [m[Kâ€˜[01m[Kdrone[m[Kâ€™ was not declared in this scope
     [01;31m[Kdrone[m[K.Commands.await_Connection();
     [01;31m[K^~~~~[m[K
[01m[K/home/pablo/GDP_Git/src/drone_lib/src/LibTest.cpp:7:5:[m[K [01;36m[Knote: [m[Ksuggested alternative: â€˜[01m[Kclone[m[Kâ€™
     [01;36m[Kdrone[m[K.Commands.await_Connection();
     [01;36m[K^~~~~[m[K
     [32m[Kclone[m[K
[01m[K/home/pablo/GDP_Git/src/drone_lib/src/Data.cpp:3:7:[m[K [01;31m[Kerror: [m[Kredefinition of â€˜[01m[Kclass data[m[Kâ€™
 class [01;31m[Kdata[m[K
       [01;31m[K^~~~[m[K
In file included from [01m[K/home/pablo/GDP_Git/src/drone_lib/src/Data.cpp:1:0[m[K:
[01m[K/home/pablo/GDP_Git/src/drone_lib/src/headers/data.h:8:7:[m[K [01;36m[Knote: [m[Kprevious definition of â€˜[01m[Kclass data[m[Kâ€™
 class [01;36m[Kdata[m[K
       [01;36m[K^~~~[m[K
[01m[K/home/pablo/GDP_Git/src/drone_lib/src/Commands.cpp:4:7:[m[K [01;31m[Kerror: [m[Kredefinition of â€˜[01m[Kclass commands[m[Kâ€™
 class [01;31m[Kcommands[m[K
       [01;31m[K^~~~~~~~[m[K
In file included from [01m[K/home/pablo/GDP_Git/src/drone_lib/src/Commands.cpp:1:0[m[K:
[01m[K/home/pablo/GDP_Git/src/drone_lib/src/headers/commands.h:13:7:[m[K [01;36m[Knote: [m[Kprevious definition of â€˜[01m[Kclass commands[m[Kâ€™
 class [01;36m[Kcommands[m[K
       [01;36m[K^~~~~~~~[m[K
make[2]: *** [CMakeFiles/drone_node.dir/src/Functions.cpp.o] Error 1
make[2]: *** Waiting for unfinished jobs....
make[2]: *** [CMakeFiles/drone_node.dir/src/Data.cpp.o] Error 1
make[2]: *** [CMakeFiles/drone_node.dir/src/LibTest.cpp.o] Error 1
make[2]: *** [CMakeFiles/drone_node.dir/src/Commands.cpp.o] Error 1
make[1]: *** [CMakeFiles/drone_node.dir/all] Error 2
make: *** [all] Error 2
