[01m[K/home/pablo/GDP_Git/src/drone_lib/src/LibTest.cpp:6:6:[m[K [01;31m[Kerror: [m[Kno matching function for call to â€˜[01m[Ktest::test()[m[Kâ€™
 test [01;31m[KmyTest[m[K;
      [01;31m[K^~~~~~[m[K
In file included from [01m[K/home/pablo/GDP_Git/src/drone_lib/src/LibTest.cpp:2:0[m[K:
[01m[K/home/pablo/GDP_Git/src/drone_lib/src/headers/test.h:9:5:[m[K [01;36m[Knote: [m[Kcandidate: test::test(int, char**)
     [01;36m[Ktest[m[K(int argc, char **argv);
     [01;36m[K^~~~[m[K
[01m[K/home/pablo/GDP_Git/src/drone_lib/src/headers/test.h:9:5:[m[K [01;36m[Knote: [m[K  candidate expects 2 arguments, 0 provided
[01m[K/home/pablo/GDP_Git/src/drone_lib/src/headers/test.h:6:7:[m[K [01;36m[Knote: [m[Kcandidate: constexpr test::test(const test&)
 class [01;36m[Ktest[m[K
       [01;36m[K^~~~[m[K
[01m[K/home/pablo/GDP_Git/src/drone_lib/src/headers/test.h:6:7:[m[K [01;36m[Knote: [m[K  candidate expects 1 argument, 0 provided
[01m[K/home/pablo/GDP_Git/src/drone_lib/src/headers/test.h:6:7:[m[K [01;36m[Knote: [m[Kcandidate: constexpr test::test(test&&)
[01m[K/home/pablo/GDP_Git/src/drone_lib/src/headers/test.h:6:7:[m[K [01;36m[Knote: [m[K  candidate expects 1 argument, 0 provided
make[2]: *** [CMakeFiles/drone_node.dir/src/LibTest.cpp.o] Error 1
make[1]: *** [CMakeFiles/drone_node.dir/all] Error 2
make: *** [all] Error 2
