[01m[K/home/pablo/GDP_Git/src/drone_lib/src/LibTest.cpp:[m[K In function â€˜[01m[Kint main(int, char**)[m[Kâ€™:
[01m[K/home/pablo/GDP_Git/src/drone_lib/src/LibTest.cpp:19:5:[m[K [01;31m[Kerror: [m[Kâ€˜[01m[Ktest::test[m[Kâ€™ names the constructor, not the type
     [01;31m[Ktest[m[K::test test(int argc, char argv);
     [01;31m[K^~~~[m[K
[01m[K/home/pablo/GDP_Git/src/drone_lib/src/LibTest.cpp:19:16:[m[K [01;31m[Kerror: [m[Kexpected â€˜[01m[K;[m[Kâ€™ before â€˜[01m[Ktest[m[Kâ€™
     test::test [01;31m[Ktest[m[K(int argc, char argv);
                [01;31m[K^~~~[m[K
[01m[K/home/pablo/GDP_Git/src/drone_lib/src/LibTest.cpp:19:41:[m[K [01;31m[Kerror: [m[Kstatement cannot resolve address of overloaded function
     test::test test(int argc, char argv)[01;31m[K;[m[K
                                         [01;31m[K^[m[K
make[2]: *** [CMakeFiles/drone_node.dir/src/LibTest.cpp.o] Error 1
make[1]: *** [CMakeFiles/drone_node.dir/all] Error 2
make: *** [all] Error 2
