[01m[K/home/pablo/GDP_Git/src/drone_lib/src/LibTest.cpp:[m[K In function â€˜[01m[Kint main(int, char**)[m[Kâ€™:
[01m[K/home/pablo/GDP_Git/src/drone_lib/src/LibTest.cpp:20:20:[m[K [01;31m[Kerror: [m[Kâ€˜[01m[Knh[m[Kâ€™ was not declared in this scope
     GDPdrone drone([01;31m[Knh[m[K, rate);
                    [01;31m[K^~[m[K
make[2]: *** [CMakeFiles/drone_node.dir/src/LibTest.cpp.o] Error 1
make[1]: *** [CMakeFiles/drone_node.dir/all] Error 2
make: *** [all] Error 2
