[35m[1mScanning dependencies of target drone_node[0m
[ 16%] [32mBuilding CXX object CMakeFiles/drone_node.dir/src/LibTest.cpp.o[0m
[ 50%] [32mBuilding CXX object CMakeFiles/drone_node.dir/src/Commands.cpp.o[0m
[ 50%] [32mBuilding CXX object CMakeFiles/drone_node.dir/src/GDPdrone.cpp.o[0m
[01m[K/home/pablo/GDP_Git/src/drone_lib/src/Commands.cpp:[m[K In member function â€˜[01m[Kvoid commands::requestLanding()[m[Kâ€™:
[01m[K/home/pablo/GDP_Git/src/drone_lib/src/Commands.cpp:71:76:[m[K [01;31m[Kerror: [m[Kexpected primary-expression before â€˜[01m[K)[m[Kâ€™ token
     while((ros::ok() && extended_state.landed_state != 1) || (ros::ok() && [01;31m[K)[m[K)
                                                                            [01;31m[K^[m[K
CMakeFiles/drone_node.dir/build.make:110: recipe for target 'CMakeFiles/drone_node.dir/src/Commands.cpp.o' failed
make[2]: *** [CMakeFiles/drone_node.dir/src/Commands.cpp.o] Error 1
CMakeFiles/Makefile2:67: recipe for target 'CMakeFiles/drone_node.dir/all' failed
make[1]: *** [CMakeFiles/drone_node.dir/all] Error 2
Makefile:140: recipe for target 'all' failed
make: *** [all] Error 2
