[01m[K/home/pablo/GDP_Git/src/drone_lib/src/LibTest.cpp:[m[K In function â€˜[01m[Kint main(int, char**)[m[Kâ€™:
[01m[K/home/pablo/GDP_Git/src/drone_lib/src/LibTest.cpp:16:5:[m[K [01;31m[Kerror: [m[Kâ€˜[01m[Kdrone[m[Kâ€™ was not declared in this scope
     [01;31m[Kdrone[m[K.Commands.await_Connection();
     [01;31m[K^~~~~[m[K
[01m[K/home/pablo/GDP_Git/src/drone_lib/src/LibTest.cpp:16:5:[m[K [01;36m[Knote: [m[Ksuggested alternative: â€˜[01m[Kclone[m[Kâ€™
     [01;36m[Kdrone[m[K.Commands.await_Connection();
     [01;36m[K^~~~~[m[K
     [32m[Kclone[m[K
make[2]: *** [CMakeFiles/drone_node.dir/src/LibTest.cpp.o] Error 1
make[1]: *** [CMakeFiles/drone_node.dir/all] Error 2
make: *** [all] Error 2
